<?xml version="1.0" encoding="UTF-8"?>
<!-- Generated by org.testng.reporters.JUnitReportReporter -->
<testsuite hostname="Hameed" failures="0" tests="1" name="test_execute.SignUpandLogin" time="8.706" errors="0" timestamp="2024-05-22T21:58:00 IST" skipped="0">
  <testcase classname="test_execute.SignUpandLogin" name="ValidateSignUpandLogin" time="8.706"/>
  <system-out/>
</testsuite> <!-- test_execute.SignUpandLogin -->
